<?xml version="1.0" encoding="UTF-8"?>
<testng-results skipped="0" failed="0" ignored="0" total="4" passed="4">
  <reporter-output>
  </reporter-output>
  <suite name="Command line suite" duration-ms="11930" started-at="2023-04-29T23:02:47 BST" finished-at="2023-04-29T23:02:59 BST">
    <groups>
    </groups>
    <test name="Command line test" duration-ms="11930" started-at="2023-04-29T23:02:47 BST" finished-at="2023-04-29T23:02:59 BST">
      <class name="com.saucedemo.testng.TestNGDemo">
        <test-method status="PASS" signature="beforeTest()[pri:0, instance:com.saucedemo.testng.TestNGDemo@bd8db5a]" name="beforeTest" is-config="true" duration-ms="6" started-at="2023-04-29T23:02:47 BST" finished-at="2023-04-29T23:02:47 BST">
          <reporter-output>
          </reporter-output>
        </test-method> <!-- beforeTest -->
        <test-method status="PASS" signature="beforeMethod()[pri:0, instance:com.saucedemo.testng.TestNGDemo@bd8db5a]" name="beforeMethod" is-config="true" duration-ms="0" started-at="2023-04-29T23:02:47 BST" finished-at="2023-04-29T23:02:47 BST">
          <reporter-output>
          </reporter-output>
        </test-method> <!-- beforeMethod -->
        <test-method status="PASS" signature="test1()[pri:0, instance:com.saucedemo.testng.TestNGDemo@bd8db5a]" name="test1" duration-ms="1" started-at="2023-04-29T23:02:47 BST" finished-at="2023-04-29T23:02:47 BST">
          <reporter-output>
          </reporter-output>
        </test-method> <!-- test1 -->
        <test-method status="PASS" signature="afterMethod()[pri:0, instance:com.saucedemo.testng.TestNGDemo@bd8db5a]" name="afterMethod" is-config="true" duration-ms="1" started-at="2023-04-29T23:02:47 BST" finished-at="2023-04-29T23:02:47 BST">
          <reporter-output>
          </reporter-output>
        </test-method> <!-- afterMethod -->
        <test-method status="PASS" signature="beforeMethod()[pri:0, instance:com.saucedemo.testng.TestNGDemo@bd8db5a]" name="beforeMethod" is-config="true" duration-ms="0" started-at="2023-04-29T23:02:47 BST" finished-at="2023-04-29T23:02:47 BST">
          <reporter-output>
          </reporter-output>
        </test-method> <!-- beforeMethod -->
        <test-method status="PASS" signature="test2()[pri:0, instance:com.saucedemo.testng.TestNGDemo@bd8db5a]" name="test2" duration-ms="0" started-at="2023-04-29T23:02:47 BST" finished-at="2023-04-29T23:02:47 BST">
          <reporter-output>
          </reporter-output>
        </test-method> <!-- test2 -->
        <test-method status="PASS" signature="afterMethod()[pri:0, instance:com.saucedemo.testng.TestNGDemo@bd8db5a]" name="afterMethod" is-config="true" duration-ms="0" started-at="2023-04-29T23:02:47 BST" finished-at="2023-04-29T23:02:47 BST">
          <reporter-output>
          </reporter-output>
        </test-method> <!-- afterMethod -->
        <test-method status="PASS" signature="afterTest()[pri:0, instance:com.saucedemo.testng.TestNGDemo@bd8db5a]" name="afterTest" is-config="true" duration-ms="0" started-at="2023-04-29T23:02:59 BST" finished-at="2023-04-29T23:02:59 BST">
          <reporter-output>
          </reporter-output>
        </test-method> <!-- afterTest -->
      </class> <!-- com.saucedemo.testng.TestNGDemo -->
      <class name="com.saucedemo.testsuite.LoginTest">
        <test-method status="PASS" signature="setUp()[pri:0, instance:com.saucedemo.testsuite.LoginTest@3e57cd70]" name="setUp" is-config="true" duration-ms="5011" started-at="2023-04-29T23:02:47 BST" finished-at="2023-04-29T23:02:52 BST">
          <reporter-output>
          </reporter-output>
        </test-method> <!-- setUp -->
        <test-method status="PASS" signature="verifyErrorMessageWithInvalidCredentials()[pri:0, instance:com.saucedemo.testsuite.LoginTest@3e57cd70]" name="verifyErrorMessageWithInvalidCredentials" duration-ms="1327" started-at="2023-04-29T23:02:52 BST" finished-at="2023-04-29T23:02:53 BST">
          <reporter-output>
          </reporter-output>
        </test-method> <!-- verifyErrorMessageWithInvalidCredentials -->
        <test-method status="PASS" signature="tearDown()[pri:0, instance:com.saucedemo.testsuite.LoginTest@3e57cd70]" name="tearDown" is-config="true" duration-ms="775" started-at="2023-04-29T23:02:53 BST" finished-at="2023-04-29T23:02:54 BST">
          <reporter-output>
          </reporter-output>
        </test-method> <!-- tearDown -->
        <test-method status="PASS" signature="setUp()[pri:0, instance:com.saucedemo.testsuite.LoginTest@3e57cd70]" name="setUp" is-config="true" duration-ms="3088" started-at="2023-04-29T23:02:54 BST" finished-at="2023-04-29T23:02:57 BST">
          <reporter-output>
          </reporter-output>
        </test-method> <!-- setUp -->
        <test-method status="PASS" signature="verifyUserShouldNavigateToLoginPageSuccessfully()[pri:0, instance:com.saucedemo.testsuite.LoginTest@3e57cd70]" name="verifyUserShouldNavigateToLoginPageSuccessfully" duration-ms="835" started-at="2023-04-29T23:02:57 BST" finished-at="2023-04-29T23:02:58 BST">
          <reporter-output>
          </reporter-output>
        </test-method> <!-- verifyUserShouldNavigateToLoginPageSuccessfully -->
        <test-method status="PASS" signature="tearDown()[pri:0, instance:com.saucedemo.testsuite.LoginTest@3e57cd70]" name="tearDown" is-config="true" duration-ms="835" started-at="2023-04-29T23:02:58 BST" finished-at="2023-04-29T23:02:59 BST">
          <reporter-output>
          </reporter-output>
        </test-method> <!-- tearDown -->
      </class> <!-- com.saucedemo.testsuite.LoginTest -->
    </test> <!-- Command line test -->
  </suite> <!-- Command line suite -->
</testng-results>
