<?xml version="1.0" encoding="UTF-8"?>
<!-- Generated by org.testng.reporters.JUnitXMLReporter -->
<testsuite hostname="Sagar" ignored="0" name="Command line test" tests="4" failures="0" timestamp="2023-04-29T23:02:59 BST" time="11.93" errors="0">
  <testcase name="test1" time="0.001" classname="com.saucedemo.testng.TestNGDemo"/>
  <testcase name="test2" time="0.0" classname="com.saucedemo.testng.TestNGDemo"/>
  <testcase name="verifyErrorMessageWithInvalidCredentials" time="1.327" classname="com.saucedemo.testsuite.LoginTest"/>
  <testcase name="verifyUserShouldNavigateToLoginPageSuccessfully" time="0.835" classname="com.saucedemo.testsuite.LoginTest"/>
</testsuite> <!-- Command line test -->
